<?xml version="1.0" encoding="UTF-8"?>
<!-- Generated by org.testng.reporters.JUnitReportReporter -->
<testsuite hostname="Lenovo-PC" name="jenkin1.Jenkin1" tests="1" failures="0" timestamp="3 Jun 2018 12:26:04 GMT" time="25.186" errors="0">
  <testcase name="Jenkin" time="25.186" classname="jenkin1.Jenkin1"/>
</testsuite>
